Using pre-set license

 COMMAND LINE ARGUMENTS:
/Applications/Unity/Hub/Editor/2020.3.7f1/Unity.app/Contents/MacOS/Unity
-adb2
-batchMode
-noUpm
-name
AssetImportWorker0
-projectPath
/Users/kaushikkarnati/Desktop/Unity3D/Picture Puzzle
-logFile
Logs/AssetImportWorker0.log
-srvPort
53534
Successfully changed project path to: /Users/kaushikkarnati/Desktop/Unity3D/Picture Puzzle
/Users/kaushikkarnati/Desktop/Unity3D/Picture Puzzle
Using Asset Import Pipeline V2.
Refreshing native plugins compatible for Editor in 30.49 ms, found 2 plugins.
Preloading 0 native plugins for Editor in 0.00 ms.
Initialize engine version: 2020.3.7f1 (dd97f2c94397)
[Subsystems] Discovering subsystems at path /Applications/Unity/Hub/Editor/2020.3.7f1/Unity.app/Contents/Resources/UnitySubsystems
[Subsystems] Discovering subsystems at path /Users/kaushikkarnati/Desktop/Unity3D/Picture Puzzle/Assets
GfxDevice: creating device client; threaded=0
2021-05-18 18:34:51.555 Unity[4275:397295] (null) preferred device: Apple M1 (high power)
2021-05-18 18:34:51.555 Unity[4275:397295] Metal devices available: 1
2021-05-18 18:34:51.555 Unity[4275:397295] 0: Apple M1 (high power)
2021-05-18 18:34:51.555 Unity[4275:397295] Using device Apple M1 (high power)
Initializing Metal device caps: Apple M1
Initialize mono
Mono path[0] = '/Applications/Unity/Hub/Editor/2020.3.7f1/Unity.app/Contents/Managed'
Mono path[1] = '/Applications/Unity/Hub/Editor/2020.3.7f1/Unity.app/Contents/MonoBleedingEdge/lib/mono/unityjit'
Mono config path = '/Applications/Unity/Hub/Editor/2020.3.7f1/Unity.app/Contents/MonoBleedingEdge/etc'
Using monoOptions --debugger-agent=transport=dt_socket,embedding=1,server=y,suspend=n,address=127.0.0.1:56275
Begin MonoManager ReloadAssembly
Registering precompiled unity dll's ...
Register platform support module: /Applications/Unity/Hub/Editor/2020.3.7f1/Unity.app/Contents/PlaybackEngines/MacStandaloneSupport/UnityEditor.OSXStandalone.Extensions.dll
Registered in 0.001883 seconds.
Native extension for OSXStandalone target not found
Refreshing native plugins compatible for Editor in 32.61 ms, found 2 plugins.
Preloading 0 native plugins for Editor in 0.00 ms.
Mono: successfully reloaded assembly
- Completed reload, in  3.440 seconds
Platform modules already initialized, skipping
Registering precompiled user dll's ...
Registered in 0.001955 seconds.
Begin MonoManager ReloadAssembly
Native extension for OSXStandalone target not found
Refreshing native plugins compatible for Editor in 31.64 ms, found 2 plugins.
Preloading 0 native plugins for Editor in 0.00 ms.
Mono: successfully reloaded assembly
- Completed reload, in  1.891 seconds
Platform modules already initialized, skipping
========================================================================
Worker process is ready to serve import requests
Launching external process: /Applications/Unity/Hub/Editor/2020.3.7f1/Unity.app/Contents/Tools/UnityShaderCompiler
Launched and connected shader compiler UnityShaderCompiler after 0.02 seconds
Refreshing native plugins compatible for Editor in 0.28 ms, found 2 plugins.
Preloading 0 native plugins for Editor in 0.00 ms.
Unloading 1811 Unused Serialized files (Serialized files now loaded: 0)
System memory in use before: 148.7 MB.
System memory in use after: 148.6 MB.

Unloading 24 unused Assets to reduce memory usage. Loaded Objects now: 2254.
Total: 1.766041 ms (FindLiveObjects: 0.145500 ms CreateObjectMapping: 0.036750 ms MarkObjects: 1.464209 ms  DeleteObjects: 0.118916 ms)

========================================================================
Received Import Request.
  path: Assets/captain-america-shield-cc-by-bagogames.jpg.webp
  artifactKey: Guid(182100fa2b4f44c9296e69d29df6988a) Importer(815301076,1909f56bfc062723c751e8b465ee728b)
Start importing Assets/captain-america-shield-cc-by-bagogames.jpg.webp using Guid(182100fa2b4f44c9296e69d29df6988a) Importer(815301076,1909f56bfc062723c751e8b465ee728b)  -> (artifact id: '55eebfb3152bd920db5c63e809e15527') in 0.351850 seconds
  Import took 0.356178 seconds .

========================================================================
Received Prepare
Registering precompiled user dll's ...
Registered in 0.000795 seconds.
Begin MonoManager ReloadAssembly
Native extension for OSXStandalone target not found
Refreshing native plugins compatible for Editor in 0.31 ms, found 2 plugins.
Preloading 0 native plugins for Editor in 0.00 ms.
Mono: successfully reloaded assembly
- Completed reload, in  1.891 seconds
Platform modules already initialized, skipping
Switching build target platform(2) subTarget(0) extendedPlatform(0) -> platform(13) subTarget(537395200) extendedPlatform(0)
Refreshing native plugins compatible for Editor in 0.30 ms, found 2 plugins.
Preloading 0 native plugins for Editor in 0.00 ms.
Unloading 1810 Unused Serialized files (Serialized files now loaded: 0)
System memory in use before: 153.0 MB.
System memory in use after: 152.9 MB.

Unloading 12 unused Assets to reduce memory usage. Loaded Objects now: 2258.
Total: 2.367541 ms (FindLiveObjects: 0.150583 ms CreateObjectMapping: 0.036958 ms MarkObjects: 1.923167 ms  DeleteObjects: 0.255792 ms)

AssetImportParameters requested are different than current active one (requested -> active):
  custom:graphics/normal-map-encoding: 01000000000000000000000000000000 -> 02000000000000000000000000000000
========================================================================
Received Prepare
Refreshing native plugins compatible for Editor in 0.96 ms, found 2 plugins.
Preloading 0 native plugins for Editor in 0.00 ms.
Unloading 10 Unused Serialized files (Serialized files now loaded: 0)
System memory in use before: 117.5 MB.
System memory in use after: 117.5 MB.

Unloading 10 unused Assets to reduce memory usage. Loaded Objects now: 2258.
Total: 1.825625 ms (FindLiveObjects: 0.233000 ms CreateObjectMapping: 0.043625 ms MarkObjects: 1.437750 ms  DeleteObjects: 0.110125 ms)

========================================================================
Received Import Request.
  Time since last request: 161.609245 seconds.
  path: Assets/photo-1454372182658-c712e4c5a1db.jpeg
  artifactKey: Guid(32389547e22124f28bcdff1fb9fa1f98) Importer(815301076,1909f56bfc062723c751e8b465ee728b)
Start importing Assets/photo-1454372182658-c712e4c5a1db.jpeg using Guid(32389547e22124f28bcdff1fb9fa1f98) Importer(815301076,1909f56bfc062723c751e8b465ee728b)  -> (artifact id: '76428e7c32d608d5c7e8443d884c9d71') in 0.777427 seconds
  Import took 0.780270 seconds .

========================================================================
Received Import Request.
  Time since last request: 0.225483 seconds.
  path: Assets/photo-1454372182658-c712e4c5a1db.jpeg
  artifactKey: Guid(32389547e22124f28bcdff1fb9fa1f98) Importer(815301076,1909f56bfc062723c751e8b465ee728b)
Start importing Assets/photo-1454372182658-c712e4c5a1db.jpeg using Guid(32389547e22124f28bcdff1fb9fa1f98) Importer(815301076,1909f56bfc062723c751e8b465ee728b)  -> (artifact id: '76428e7c32d608d5c7e8443d884c9d71') in 0.020533 seconds
  Import took 0.023352 seconds .

========================================================================
Received Prepare
Registering precompiled user dll's ...
Registered in 0.001229 seconds.
Begin MonoManager ReloadAssembly
Native extension for OSXStandalone target not found
Refreshing native plugins compatible for Editor in 0.30 ms, found 2 plugins.
Preloading 0 native plugins for Editor in 0.00 ms.
Mono: successfully reloaded assembly
- Completed reload, in  1.988 seconds
Platform modules already initialized, skipping
Refreshing native plugins compatible for Editor in 0.29 ms, found 2 plugins.
Preloading 0 native plugins for Editor in 0.00 ms.
Unloading 1806 Unused Serialized files (Serialized files now loaded: 0)
System memory in use before: 161.0 MB.
System memory in use after: 161.0 MB.

Unloading 12 unused Assets to reduce memory usage. Loaded Objects now: 2268.
Total: 1.477584 ms (FindLiveObjects: 0.148333 ms CreateObjectMapping: 0.035125 ms MarkObjects: 1.193333 ms  DeleteObjects: 0.099667 ms)

========================================================================
Received Prepare
Refreshing native plugins compatible for Editor in 0.73 ms, found 2 plugins.
Preloading 0 native plugins for Editor in 0.00 ms.
Unloading 10 Unused Serialized files (Serialized files now loaded: 0)
System memory in use before: 125.5 MB.
System memory in use after: 125.5 MB.

Unloading 10 unused Assets to reduce memory usage. Loaded Objects now: 2268.
Total: 1.398375 ms (FindLiveObjects: 0.148458 ms CreateObjectMapping: 0.035334 ms MarkObjects: 1.122541 ms  DeleteObjects: 0.091375 ms)

